2025-05-05 18:59:17 [AWT-EventQueue-0] DEBUG o.e.g.h.AdminLoginPanelHandler - Przypisywanie akcji do przycisków panelu logowania administratora.
2025-05-05 18:59:28 [AWT-EventQueue-0] DEBUG o.e.g.h.AdminLoginPanelHandler - Próba logowania administratora: 123
2025-05-05 18:59:28 [AWT-EventQueue-0] DEBUG o.e.g.h.AdminLoginPanelHandler - Logowanie administratora zakończone sukcesem: 123
2025-05-05 18:59:36 [AWT-EventQueue-0] DEBUG o.e.g.h.AdminLoginPanelHandler - Przypisywanie akcji do przycisków panelu logowania administratora.
2025-05-05 18:59:37 [AWT-EventQueue-0] DEBUG o.e.g.h.AdminLoginPanelHandler - Próba logowania administratora: 123
2025-05-05 18:59:37 [AWT-EventQueue-0] DEBUG o.e.g.h.AdminLoginPanelHandler - Logowanie administratora zakończone sukcesem: 123
2025-05-05 18:59:42 [AWT-EventQueue-0] DEBUG o.e.g.h.AdminLoginPanelHandler - Przypisywanie akcji do przycisków panelu logowania administratora.
2025-05-05 18:59:43 [AWT-EventQueue-0] DEBUG o.e.g.h.AdminLoginPanelHandler - Powrót do ekranu powitalnego z panelu logowania administratora.
2025-05-05 19:00:46 [AWT-EventQueue-0] DEBUG o.e.g.h.AdminLoginPanelHandler - Przypisywanie akcji do przycisków panelu logowania administratora.
2025-05-05 19:00:47 [AWT-EventQueue-0] DEBUG o.e.g.h.AdminLoginPanelHandler - Powrót do ekranu powitalnego z panelu logowania administratora.
2025-05-05 19:00:49 [AWT-EventQueue-0] DEBUG o.e.g.h.AdminLoginPanelHandler - Przypisywanie akcji do przycisków panelu logowania administratora.
2025-05-05 19:00:50 [AWT-EventQueue-0] DEBUG o.e.g.h.AdminLoginPanelHandler - Próba logowania administratora: 123
2025-05-05 19:00:50 [AWT-EventQueue-0] DEBUG o.e.g.h.AdminLoginPanelHandler - Logowanie administratora zakończone sukcesem: 123
2025-05-05 19:00:50 [AWT-EventQueue-0] DEBUG o.e.gui.handlers.AdminPanelHandler - Przypisywanie handlerów do przycisków panelu administratora
2025-05-05 19:00:51 [AWT-EventQueue-0] DEBUG o.e.gui.handlers.AdminPanelHandler - Kliknięto przycisk: Wyświetl użytkowników
2025-05-05 19:00:54 [AWT-EventQueue-0] DEBUG o.e.gui.handlers.AdminPanelHandler - Pomyślnie załadowano i wyświetlono dane użytkowników
2025-05-05 19:00:55 [AWT-EventQueue-0] DEBUG o.e.gui.handlers.AdminPanelHandler - Kliknięto przycisk: Zarejestruj administratora
2025-05-05 19:00:58 [AWT-EventQueue-0] DEBUG o.e.gui.handlers.AdminPanelHandler - Kliknięto przycisk: Wyloguj
2025-05-05 19:02:14 [AWT-EventQueue-0] DEBUG o.e.gui.handlers.LoginPanelHandler - Przypisywanie handlerów do przycisków logowania użytkownika
2025-05-05 19:02:16 [AWT-EventQueue-0] DEBUG o.e.gui.handlers.LoginPanelHandler - Próba logowania użytkownika: 123
2025-05-05 19:02:16 [AWT-EventQueue-0] ERROR o.e.gui.handlers.LoginPanelHandler - Nieudana próba logowania dla użytkownika: 123
2025-05-05 19:02:19 [AWT-EventQueue-0] DEBUG o.e.gui.handlers.LoginPanelHandler - Próba logowania użytkownika: 1234
2025-05-05 19:02:19 [AWT-EventQueue-0] DEBUG o.e.gui.handlers.LoginPanelHandler - Logowanie udane dla użytkownika: 1234
2025-05-05 19:05:09 [AWT-EventQueue-0] DEBUG o.e.gui.handlers.LoginPanelHandler - Przypisywanie handlerów do przycisków logowania użytkownika
2025-05-05 19:05:10 [AWT-EventQueue-0] DEBUG o.e.gui.handlers.LoginPanelHandler - Kliknięto przycisk powrotu w panelu logowania
2025-05-05 19:06:44 [AWT-EventQueue-0] DEBUG o.e.g.handlers.WelcomeScreenHandler - Kliknięto przycisk logowania.
2025-05-05 19:06:44 [AWT-EventQueue-0] DEBUG o.e.gui.handlers.LoginPanelHandler - Przypisywanie handlerów do przycisków logowania użytkownika
2025-05-05 19:06:46 [AWT-EventQueue-0] DEBUG o.e.gui.handlers.LoginPanelHandler - Kliknięto przycisk powrotu w panelu logowania
2025-05-05 19:06:46 [AWT-EventQueue-0] DEBUG o.e.g.handlers.WelcomeScreenHandler - Kliknięto przycisk rejestracji.
2025-05-05 19:06:47 [AWT-EventQueue-0] DEBUG o.e.g.handlers.WelcomeScreenHandler - Kliknięto przycisk logowania administratora.
2025-05-05 19:06:47 [AWT-EventQueue-0] DEBUG o.e.g.h.AdminLoginPanelHandler - Przypisywanie akcji do przycisków panelu logowania administratora.
2025-05-05 19:06:48 [AWT-EventQueue-0] DEBUG o.e.g.h.AdminLoginPanelHandler - Powrót do ekranu powitalnego z panelu logowania administratora.
2025-05-05 19:06:49 [AWT-EventQueue-0] DEBUG o.e.g.handlers.WelcomeScreenHandler - Kliknięto przycisk logowania.
2025-05-05 19:06:49 [AWT-EventQueue-0] DEBUG o.e.gui.handlers.LoginPanelHandler - Przypisywanie handlerów do przycisków logowania użytkownika
2025-05-05 19:06:50 [AWT-EventQueue-0] DEBUG o.e.gui.handlers.LoginPanelHandler - Kliknięto przycisk powrotu w panelu logowania
2025-05-05 19:06:52 [AWT-EventQueue-0] DEBUG o.e.g.handlers.WelcomeScreenHandler - Kliknięto przycisk logowania.
2025-05-05 19:06:52 [AWT-EventQueue-0] DEBUG o.e.gui.handlers.LoginPanelHandler - Przypisywanie handlerów do przycisków logowania użytkownika
2025-05-05 19:06:53 [AWT-EventQueue-0] DEBUG o.e.gui.handlers.LoginPanelHandler - Próba logowania użytkownika: 1234
2025-05-05 19:06:54 [AWT-EventQueue-0] DEBUG o.e.gui.handlers.LoginPanelHandler - Logowanie udane dla użytkownika: 1234
2025-05-05 19:06:56 [AWT-EventQueue-0] DEBUG o.e.gui.handlers.UserPanelHandler - Wpłata {:.2f} PLN zakończona sukcesem przez użytkownika: 123.0
2025-05-05 19:07:03 [AWT-EventQueue-0] DEBUG o.e.gui.handlers.UserPanelHandler - Wypłata {:.2f} PLN zakończona sukcesem przez użytkownika: 123.0
2025-05-05 19:07:07 [AWT-EventQueue-0] ERROR o.e.gui.handlers.UserPanelHandler - Błąd przelewu. Nadawca: 1234, Odbiorca: 123, Kwota: 123.0
2025-05-05 19:07:09 [AWT-EventQueue-0] DEBUG o.e.gui.handlers.UserPanelHandler - Użytkownik wylogował się: 1234
2025-05-06 23:28:15 [AWT-EventQueue-0] DEBUG o.e.g.handlers.WelcomeScreenHandler - Kliknięto przycisk logowania.
2025-05-06 23:28:16 [AWT-EventQueue-0] DEBUG o.e.gui.handlers.LoginPanelHandler - Przypisywanie handlerów do przycisków logowania użytkownika
2025-05-06 23:28:21 [AWT-EventQueue-0] DEBUG o.e.gui.handlers.LoginPanelHandler - Próba logowania użytkownika: 1234
2025-05-06 23:28:21 [AWT-EventQueue-0] DEBUG o.e.gui.handlers.LoginPanelHandler - Logowanie udane dla użytkownika: 1234
2025-05-06 23:28:25 [AWT-EventQueue-0] DEBUG o.e.gui.handlers.UserPanelHandler - Wpłata 3.0 PLN zakończona sukcesem przez użytkownika: 1234
2025-05-11 19:41:05 [AWT-EventQueue-0] DEBUG o.e.g.handlers.WelcomeScreenHandler - Kliknięto przycisk logowania.
2025-05-11 19:41:05 [AWT-EventQueue-0] DEBUG o.e.gui.handlers.LoginPanelHandler - Przypisywanie handlerów do przycisków logowania użytkownika
2025-05-11 19:41:06 [AWT-EventQueue-0] DEBUG o.e.gui.handlers.LoginPanelHandler - Próba logowania użytkownika: 1234
2025-05-11 19:41:07 [AWT-EventQueue-0] DEBUG o.e.gui.handlers.LoginPanelHandler - Logowanie udane dla użytkownika: 1234
2025-05-11 19:41:13 [AWT-EventQueue-0] DEBUG o.e.gui.handlers.UserPanelHandler - Wpłata 10.0 PLN zakończona sukcesem przez użytkownika: 1234
2025-05-11 19:41:15 [AWT-EventQueue-0] DEBUG o.e.gui.handlers.UserPanelHandler - Wypłata {:.2f} PLN zakończona sukcesem przez użytkownika: -100.0
2025-05-11 19:41:18 [AWT-EventQueue-0] DEBUG o.e.gui.handlers.UserPanelHandler - Wypłata {:.2f} PLN zakończona sukcesem przez użytkownika: -100.0
2025-05-11 19:41:55 [AWT-EventQueue-0] DEBUG o.e.g.handlers.WelcomeScreenHandler - Kliknięto przycisk logowania.
2025-05-11 19:41:55 [AWT-EventQueue-0] DEBUG o.e.gui.handlers.LoginPanelHandler - Przypisywanie handlerów do przycisków logowania użytkownika
2025-05-11 19:42:00 [AWT-EventQueue-0] DEBUG o.e.gui.handlers.LoginPanelHandler - Próba logowania użytkownika: 1234
2025-05-11 19:42:00 [AWT-EventQueue-0] DEBUG o.e.gui.handlers.LoginPanelHandler - Logowanie udane dla użytkownika: 1234
2025-05-11 19:59:27 [AWT-EventQueue-0] DEBUG o.e.g.handlers.WelcomeScreenHandler - Kliknięto przycisk logowania.
2025-05-11 19:59:27 [AWT-EventQueue-0] DEBUG o.e.gui.handlers.LoginPanelHandler - Przypisywanie handlerów do przycisków logowania użytkownika
2025-05-11 19:59:30 [AWT-EventQueue-0] DEBUG o.e.gui.handlers.LoginPanelHandler - Próba logowania użytkownika: 1234
2025-05-11 19:59:30 [AWT-EventQueue-0] DEBUG o.e.gui.handlers.LoginPanelHandler - Logowanie udane dla użytkownika: 1234
2025-05-11 19:59:33 [AWT-EventQueue-0] DEBUG o.e.gui.handlers.UserPanelHandler - Wpłata 123.0 PLN zakończona sukcesem przez użytkownika: 1234
2025-05-11 19:59:38 [AWT-EventQueue-0] DEBUG o.e.gui.handlers.UserPanelHandler - Wypłata 123.0 PLN zakończona sukcesem przez użytkownika: 1234
2025-05-11 19:59:41 [AWT-EventQueue-0] DEBUG o.e.gui.handlers.UserPanelHandler - Wypłata 123.0 PLN zakończona sukcesem przez użytkownika: 1234
2025-05-11 19:59:43 [AWT-EventQueue-0] DEBUG o.e.gui.handlers.UserPanelHandler - Wypłata 211.0 PLN zakończona sukcesem przez użytkownika: 1234
2025-05-11 19:59:44 [AWT-EventQueue-0] ERROR o.e.gui.handlers.UserPanelHandler - Nieudana próba wypłaty: brak środków. Użytkownik: 1234, Kwota: 21.0
2025-05-11 19:59:49 [AWT-EventQueue-0] DEBUG o.e.gui.handlers.UserPanelHandler - Wypłata 2.0 PLN zakończona sukcesem przez użytkownika: 1234
2025-05-11 19:59:52 [AWT-EventQueue-0] DEBUG o.e.gui.handlers.UserPanelHandler - Pobrano historię transakcji dla użytkownika: 1234
2025-05-11 19:59:56 [AWT-EventQueue-0] DEBUG o.e.gui.handlers.UserPanelHandler - Pobrano dane użytkownika: 1234
2025-05-11 19:59:58 [AWT-EventQueue-0] DEBUG o.e.gui.handlers.UserPanelHandler - Użytkownik wylogował się: 1234
2025-05-11 20:00:03 [AWT-EventQueue-0] DEBUG o.e.g.handlers.WelcomeScreenHandler - Kliknięto przycisk logowania administratora.
2025-05-11 20:00:03 [AWT-EventQueue-0] DEBUG o.e.g.h.AdminLoginPanelHandler - Przypisywanie akcji do przycisków panelu logowania administratora.
2025-05-11 20:00:04 [AWT-EventQueue-0] DEBUG o.e.g.h.AdminLoginPanelHandler - Powrót do ekranu powitalnego z panelu logowania administratora.
2025-05-11 20:00:05 [AWT-EventQueue-0] DEBUG o.e.g.handlers.WelcomeScreenHandler - Kliknięto przycisk logowania administratora.
2025-05-11 20:00:05 [AWT-EventQueue-0] DEBUG o.e.g.h.AdminLoginPanelHandler - Przypisywanie akcji do przycisków panelu logowania administratora.
2025-05-11 20:00:06 [AWT-EventQueue-0] DEBUG o.e.g.h.AdminLoginPanelHandler - Próba logowania administratora: 123
2025-05-11 20:00:06 [AWT-EventQueue-0] DEBUG o.e.g.h.AdminLoginPanelHandler - Logowanie administratora zakończone sukcesem: 123
2025-05-11 20:00:06 [AWT-EventQueue-0] DEBUG o.e.gui.handlers.AdminPanelHandler - Przypisywanie handlerów do przycisków panelu administratora
2025-05-11 20:00:07 [AWT-EventQueue-0] DEBUG o.e.gui.handlers.AdminPanelHandler - Kliknięto przycisk: Wyświetl użytkowników
2025-05-11 20:00:10 [AWT-EventQueue-0] DEBUG o.e.gui.handlers.AdminPanelHandler - Pomyślnie załadowano i wyświetlono dane użytkowników
2025-05-11 20:00:13 [AWT-EventQueue-0] DEBUG o.e.gui.handlers.AdminPanelHandler - Kliknięto przycisk: Wyświetl użytkowników
2025-05-11 20:00:13 [AWT-EventQueue-0] DEBUG o.e.gui.handlers.AdminPanelHandler - Pomyślnie załadowano i wyświetlono dane użytkowników
2025-05-11 20:00:14 [AWT-EventQueue-0] DEBUG o.e.gui.handlers.AdminPanelHandler - Kliknięto przycisk: Wyloguj
2025-05-11 20:00:18 [AWT-EventQueue-0] DEBUG o.e.g.handlers.WelcomeScreenHandler - Kliknięto przycisk logowania administratora.
2025-05-11 20:00:18 [AWT-EventQueue-0] DEBUG o.e.g.h.AdminLoginPanelHandler - Przypisywanie akcji do przycisków panelu logowania administratora.
2025-05-11 20:00:19 [AWT-EventQueue-0] DEBUG o.e.g.h.AdminLoginPanelHandler - Powrót do ekranu powitalnego z panelu logowania administratora.
2025-05-11 20:00:21 [AWT-EventQueue-0] DEBUG o.e.g.handlers.WelcomeScreenHandler - Kliknięto przycisk logowania administratora.
2025-05-11 20:00:21 [AWT-EventQueue-0] DEBUG o.e.g.h.AdminLoginPanelHandler - Przypisywanie akcji do przycisków panelu logowania administratora.
2025-05-11 20:00:23 [AWT-EventQueue-0] DEBUG o.e.g.h.AdminLoginPanelHandler - Próba logowania administratora: 132
2025-05-11 20:00:23 [AWT-EventQueue-0] DEBUG o.e.g.h.AdminLoginPanelHandler - Nieudane logowanie administratora: 132
2025-05-11 20:00:28 [AWT-EventQueue-0] DEBUG o.e.g.h.AdminLoginPanelHandler - Próba logowania administratora: 123
2025-05-11 20:00:28 [AWT-EventQueue-0] DEBUG o.e.g.h.AdminLoginPanelHandler - Logowanie administratora zakończone sukcesem: 123
2025-05-11 20:00:28 [AWT-EventQueue-0] DEBUG o.e.gui.handlers.AdminPanelHandler - Przypisywanie handlerów do przycisków panelu administratora
2025-05-11 20:00:28 [AWT-EventQueue-0] DEBUG o.e.gui.handlers.AdminPanelHandler - Kliknięto przycisk: Wyświetl użytkowników
2025-05-11 20:00:32 [AWT-EventQueue-0] DEBUG o.e.gui.handlers.AdminPanelHandler - Pomyślnie załadowano i wyświetlono dane użytkowników
2025-05-11 20:00:33 [AWT-EventQueue-0] DEBUG o.e.gui.handlers.AdminPanelHandler - Kliknięto przycisk: Wyświetl użytkowników
2025-05-11 20:00:34 [AWT-EventQueue-0] DEBUG o.e.gui.handlers.AdminPanelHandler - Pomyślnie załadowano i wyświetlono dane użytkowników
2025-05-11 20:00:35 [AWT-EventQueue-0] DEBUG o.e.gui.handlers.AdminPanelHandler - Kliknięto przycisk: Wyświetl użytkowników
2025-05-11 20:00:37 [AWT-EventQueue-0] DEBUG o.e.gui.handlers.AdminPanelHandler - Pomyślnie załadowano i wyświetlono dane użytkowników
2025-05-11 20:00:38 [AWT-EventQueue-0] DEBUG o.e.gui.handlers.AdminPanelHandler - Kliknięto przycisk: Wyloguj
2025-05-11 20:00:41 [AWT-EventQueue-0] DEBUG o.e.g.handlers.WelcomeScreenHandler - Kliknięto przycisk rejestracji.
2025-05-11 20:00:42 [AWT-EventQueue-0] DEBUG o.e.g.handlers.WelcomeScreenHandler - Kliknięto przycisk wyjścia.
2025-05-11 20:00:43 [AWT-EventQueue-0] DEBUG o.e.g.handlers.WelcomeScreenHandler - Użytkownik potwierdził zamknięcie programu.
2025-05-11 20:04:14 [AWT-EventQueue-0] DEBUG o.e.g.handlers.WelcomeScreenHandler - Kliknięto przycisk logowania.
2025-05-11 20:04:14 [AWT-EventQueue-0] DEBUG o.e.gui.handlers.LoginPanelHandler - Przypisywanie handlerów do przycisków logowania użytkownika
2025-05-11 20:04:20 [AWT-EventQueue-0] DEBUG o.e.g.handlers.WelcomeScreenHandler - Kliknięto przycisk logowania.
2025-05-11 20:04:20 [AWT-EventQueue-0] DEBUG o.e.gui.handlers.LoginPanelHandler - Przypisywanie handlerów do przycisków logowania użytkownika
2025-05-11 20:04:22 [AWT-EventQueue-0] DEBUG o.e.gui.handlers.LoginPanelHandler - Kliknięto przycisk powrotu w panelu logowania
2025-05-11 20:04:23 [AWT-EventQueue-0] DEBUG o.e.g.handlers.WelcomeScreenHandler - Kliknięto przycisk wyjścia.
2025-05-11 20:04:25 [AWT-EventQueue-0] DEBUG o.e.g.handlers.WelcomeScreenHandler - Użytkownik potwierdził zamknięcie programu.
2025-05-11 20:04:33 [AWT-EventQueue-0] DEBUG o.e.g.handlers.WelcomeScreenHandler - Kliknięto przycisk logowania.
2025-05-11 20:04:33 [AWT-EventQueue-0] DEBUG o.e.gui.handlers.LoginPanelHandler - Przypisywanie handlerów do przycisków logowania użytkownika
2025-05-11 20:05:06 [AWT-EventQueue-0] DEBUG o.e.g.handlers.WelcomeScreenHandler - Kliknięto przycisk logowania.
2025-05-11 20:05:06 [AWT-EventQueue-0] DEBUG o.e.gui.handlers.LoginPanelHandler - Przypisywanie handlerów do przycisków logowania użytkownika
2025-05-11 20:10:06 [AWT-EventQueue-0] ERROR o.e.gui.handlers.LoginPanelHandler - Nieudana próba logowania dla użytkownika: 1234
2025-05-11 20:13:18 [AWT-EventQueue-0] ERROR o.e.gui.handlers.LoginPanelHandler - Nieudana próba logowania dla użytkownika: 123
2025-05-11 20:13:43 [AWT-EventQueue-0] DEBUG o.e.g.handlers.WelcomeScreenHandler - Kliknięto przycisk logowania.
2025-05-11 20:13:43 [AWT-EventQueue-0] DEBUG o.e.gui.handlers.LoginPanelHandler - Przypisywanie handlerów do przycisków logowania użytkownika
2025-05-11 20:13:49 [AWT-EventQueue-0] DEBUG o.e.g.handlers.WelcomeScreenHandler - Kliknięto przycisk logowania.
2025-05-11 20:13:49 [AWT-EventQueue-0] DEBUG o.e.gui.handlers.LoginPanelHandler - Przypisywanie handlerów do przycisków logowania użytkownika
2025-05-11 20:18:31 [AWT-EventQueue-0] DEBUG o.e.g.handlers.WelcomeScreenHandler - Kliknięto przycisk logowania.
2025-05-11 20:18:31 [AWT-EventQueue-0] DEBUG o.e.gui.handlers.LoginPanelHandler - Przypisywanie handlerów do przycisków logowania użytkownika
2025-05-11 20:18:36 [AWT-EventQueue-0] DEBUG o.e.g.handlers.WelcomeScreenHandler - Kliknięto przycisk logowania.
2025-05-11 20:18:36 [AWT-EventQueue-0] DEBUG o.e.gui.handlers.LoginPanelHandler - Przypisywanie handlerów do przycisków logowania użytkownika
2025-05-11 20:18:38 [AWT-EventQueue-0] DEBUG o.e.gui.handlers.LoginPanelHandler - Próba logowania użytkownika: 1234
2025-05-11 20:18:38 [AWT-EventQueue-0] DEBUG o.e.gui.handlers.LoginPanelHandler - Logowanie udane dla użytkownika: 1234
2025-05-11 20:18:39 [AWT-EventQueue-0] DEBUG o.e.gui.handlers.UserPanelHandler - Użytkownik wylogował się: 1234
2025-05-11 20:18:45 [AWT-EventQueue-0] DEBUG o.e.g.handlers.WelcomeScreenHandler - Kliknięto przycisk logowania.
2025-05-11 20:18:45 [AWT-EventQueue-0] DEBUG o.e.gui.handlers.LoginPanelHandler - Przypisywanie handlerów do przycisków logowania użytkownika
2025-05-11 20:18:50 [AWT-EventQueue-0] DEBUG o.e.gui.handlers.LoginPanelHandler - Próba logowania użytkownika: 1234
2025-05-11 20:18:51 [AWT-EventQueue-0] DEBUG o.e.gui.handlers.LoginPanelHandler - Logowanie udane dla użytkownika: 1234
2025-05-11 20:18:52 [AWT-EventQueue-0] DEBUG o.e.gui.handlers.UserPanelHandler - Użytkownik wylogował się: 1234
2025-05-11 20:18:54 [AWT-EventQueue-0] DEBUG o.e.g.handlers.WelcomeScreenHandler - Kliknięto przycisk wyjścia.
2025-05-11 20:18:54 [AWT-EventQueue-0] DEBUG o.e.g.handlers.WelcomeScreenHandler - Użytkownik potwierdził zamknięcie programu.
2025-05-11 20:19:33 [AWT-EventQueue-0] DEBUG o.e.g.handlers.WelcomeScreenHandler - Kliknięto przycisk logowania.
2025-05-11 20:19:33 [AWT-EventQueue-0] DEBUG o.e.gui.handlers.LoginPanelHandler - Przypisywanie handlerów do przycisków logowania użytkownika
2025-05-11 20:19:40 [AWT-EventQueue-0] DEBUG o.e.g.handlers.WelcomeScreenHandler - Kliknięto przycisk logowania.
2025-05-11 20:19:40 [AWT-EventQueue-0] DEBUG o.e.gui.handlers.LoginPanelHandler - Przypisywanie handlerów do przycisków logowania użytkownika
2025-05-11 20:20:20 [AWT-EventQueue-0] DEBUG o.e.g.handlers.WelcomeScreenHandler - Kliknięto przycisk logowania.
2025-05-11 20:20:20 [AWT-EventQueue-0] DEBUG o.e.gui.handlers.LoginPanelHandler - Przypisywanie handlerów do przycisków logowania użytkownika
2025-05-11 20:21:12 [AWT-EventQueue-0] DEBUG o.e.g.handlers.WelcomeScreenHandler - Kliknięto przycisk logowania.
2025-05-11 20:21:12 [AWT-EventQueue-0] DEBUG o.e.gui.handlers.LoginPanelHandler - Przypisywanie handlerów do przycisków logowania użytkownika
2025-05-11 20:23:10 [AWT-EventQueue-0] DEBUG o.e.g.handlers.WelcomeScreenHandler - Kliknięto przycisk logowania.
2025-05-11 20:23:10 [AWT-EventQueue-0] DEBUG o.e.gui.handlers.LoginPanelHandler - Przypisywanie handlerów do przycisków logowania użytkownika
2025-05-11 20:23:11 [AWT-EventQueue-0] DEBUG o.e.gui.handlers.LoginPanelHandler - Próba logowania użytkownika: 1234
2025-05-11 20:23:12 [AWT-EventQueue-0] DEBUG o.e.gui.handlers.LoginPanelHandler - Logowanie udane dla użytkownika: 1234
2025-05-11 20:23:13 [AWT-EventQueue-0] DEBUG o.e.gui.handlers.UserPanelHandler - Użytkownik wylogował się: 1234
2025-05-11 20:23:14 [AWT-EventQueue-0] DEBUG o.e.g.handlers.WelcomeScreenHandler - Kliknięto przycisk wyjścia.
2025-05-11 20:23:15 [AWT-EventQueue-0] DEBUG o.e.g.handlers.WelcomeScreenHandler - Użytkownik potwierdził zamknięcie programu.
2025-05-12 14:56:45 [AWT-EventQueue-0] DEBUG o.e.g.handlers.WelcomeScreenHandler - Kliknięto przycisk logowania.
2025-05-12 14:56:46 [AWT-EventQueue-0] DEBUG o.e.gui.handlers.LoginPanelHandler - Przypisywanie handlerów do przycisków logowania użytkownika
2025-05-12 14:56:48 [AWT-EventQueue-0] DEBUG o.e.gui.handlers.LoginPanelHandler - Próba logowania użytkownika: 1234
2025-05-12 14:56:48 [AWT-EventQueue-0] DEBUG o.e.gui.handlers.LoginPanelHandler - Logowanie udane dla użytkownika: 1234
2025-05-12 14:56:50 [AWT-EventQueue-0] DEBUG o.e.gui.handlers.UserPanelHandler - Wpłata 123.0 PLN zakończona sukcesem przez użytkownika: 1234
2025-05-12 14:56:54 [AWT-EventQueue-0] DEBUG o.e.gui.handlers.UserPanelHandler - Wypłata 123.0 PLN zakończona sukcesem przez użytkownika: 1234
2025-05-12 14:57:02 [AWT-EventQueue-0] DEBUG o.e.gui.handlers.UserPanelHandler - Pobrano historię transakcji dla użytkownika: 1234
2025-05-12 14:57:04 [AWT-EventQueue-0] DEBUG o.e.gui.handlers.UserPanelHandler - Pobrano dane użytkownika: 1234
2025-05-12 14:57:05 [AWT-EventQueue-0] DEBUG o.e.gui.handlers.UserPanelHandler - Użytkownik wylogował się: 1234
2025-05-12 14:57:07 [AWT-EventQueue-0] DEBUG o.e.g.handlers.WelcomeScreenHandler - Kliknięto przycisk logowania administratora.
2025-05-12 14:57:07 [AWT-EventQueue-0] DEBUG o.e.g.h.AdminLoginPanelHandler - Przypisywanie akcji do przycisków panelu logowania administratora.
2025-05-12 14:57:09 [AWT-EventQueue-0] DEBUG o.e.g.h.AdminLoginPanelHandler - Próba logowania administratora: 123
2025-05-12 14:57:09 [AWT-EventQueue-0] DEBUG o.e.g.h.AdminLoginPanelHandler - Logowanie administratora zakończone sukcesem: 123
2025-05-12 14:57:09 [AWT-EventQueue-0] DEBUG o.e.gui.handlers.AdminPanelHandler - Przypisywanie handlerów do przycisków panelu administratora
2025-05-12 14:57:10 [AWT-EventQueue-0] DEBUG o.e.gui.handlers.AdminPanelHandler - Kliknięto przycisk: Zarejestruj administratora
2025-05-12 14:57:10 [AWT-EventQueue-0] DEBUG o.e.g.h.AdminRegisterPanelHandler - Przypisywanie handlera do przycisku rejestracji administratora
2025-05-12 14:57:12 [AWT-EventQueue-0] DEBUG o.e.gui.handlers.AdminPanelHandler - Kliknięto przycisk: Wyświetl użytkowników
2025-05-12 14:57:13 [AWT-EventQueue-0] DEBUG o.e.gui.handlers.AdminPanelHandler - Pomyślnie załadowano i wyświetlono dane użytkowników
2025-05-12 14:57:14 [AWT-EventQueue-0] DEBUG o.e.gui.handlers.AdminPanelHandler - Kliknięto przycisk: Wyloguj
2025-05-12 14:57:15 [AWT-EventQueue-0] DEBUG o.e.g.handlers.WelcomeScreenHandler - Kliknięto przycisk wyjścia.
2025-05-12 14:57:16 [AWT-EventQueue-0] DEBUG o.e.g.handlers.WelcomeScreenHandler - Użytkownik potwierdził zamknięcie programu.
2025-05-12 15:00:29 [AWT-EventQueue-0] DEBUG o.e.g.handlers.WelcomeScreenHandler - Kliknięto przycisk logowania.
2025-05-12 15:00:29 [AWT-EventQueue-0] DEBUG o.e.gui.handlers.LoginPanelHandler - Przypisywanie handlerów do przycisków logowania użytkownika
2025-05-12 15:00:33 [AWT-EventQueue-0] DEBUG o.e.gui.handlers.LoginPanelHandler - Próba logowania użytkownika: 1234
2025-05-12 15:00:33 [AWT-EventQueue-0] DEBUG org.example.db.DBManager - Baza danych i tabele zainicjalizowane.
2025-05-12 15:00:33 [AWT-EventQueue-0] DEBUG org.example.db.DBManager - Logowanie użytkownika 1234: sukces
2025-05-12 15:00:33 [AWT-EventQueue-0] DEBUG o.e.gui.handlers.LoginPanelHandler - Logowanie udane dla użytkownika: 1234
2025-05-12 15:00:33 [AWT-EventQueue-0] DEBUG org.example.db.DBManager - Saldo użytkownika 1234: 5.0
2025-05-12 15:00:35 [AWT-EventQueue-0] DEBUG org.example.db.DBManager - Numer konta dla loginu 1234: PL8384624957
2025-05-12 15:00:35 [AWT-EventQueue-0] DEBUG org.example.db.DBManager - Wpłata: 123.0 zł dla użytkownika 1234
2025-05-12 15:00:35 [AWT-EventQueue-0] DEBUG o.e.gui.handlers.UserPanelHandler - Wpłata 123.0 PLN zakończona sukcesem przez użytkownika: 1234
2025-05-12 15:00:36 [AWT-EventQueue-0] DEBUG org.example.db.DBManager - Saldo użytkownika 1234: 128.0
2025-05-12 15:00:41 [AWT-EventQueue-0] DEBUG org.example.db.DBManager - Saldo użytkownika 1234: 128.0
2025-05-12 15:00:41 [AWT-EventQueue-0] DEBUG org.example.db.DBManager - Numer konta dla loginu 1234: PL8384624957
2025-05-12 15:00:41 [AWT-EventQueue-0] DEBUG org.example.db.DBManager - Wypłata: -123.0 zł dla użytkownika 1234
2025-05-12 15:00:41 [AWT-EventQueue-0] DEBUG o.e.gui.handlers.UserPanelHandler - Wypłata 123.0 PLN zakończona sukcesem przez użytkownika: 1234
2025-05-12 15:00:41 [AWT-EventQueue-0] DEBUG org.example.db.DBManager - Saldo użytkownika 1234: 5.0
2025-05-12 15:00:42 [AWT-EventQueue-0] DEBUG org.example.db.DBManager - Numer konta dla loginu 1234: PL8384624957
2025-05-12 15:00:42 [AWT-EventQueue-0] DEBUG org.example.db.DBManager - Pobieranie historii transakcji dla konta: PL8384624957
2025-05-12 15:00:46 [AWT-EventQueue-0] DEBUG o.e.gui.handlers.UserPanelHandler - Pobrano historię transakcji dla użytkownika: 1234
2025-05-12 15:00:47 [AWT-EventQueue-0] DEBUG org.example.db.DBManager - Pobieranie danych użytkownika: 1234
2025-05-12 15:00:48 [AWT-EventQueue-0] DEBUG o.e.gui.handlers.UserPanelHandler - Pobrano dane użytkownika: 1234
2025-05-12 15:00:49 [AWT-EventQueue-0] DEBUG o.e.gui.handlers.UserPanelHandler - Użytkownik wylogował się: 1234
2025-05-12 15:00:50 [AWT-EventQueue-0] DEBUG o.e.g.handlers.WelcomeScreenHandler - Kliknięto przycisk rejestracji.
2025-05-12 15:00:53 [AWT-EventQueue-0] DEBUG o.e.g.handlers.RegisterPanelHandler - Rozpoczęcie procesu rejestracji użytkownika: 4
2025-05-12 15:00:53 [AWT-EventQueue-0] DEBUG org.example.db.DBManager - Wygenerowano unikalny numer konta: PL5169455275
2025-05-12 15:00:53 [AWT-EventQueue-0] DEBUG org.example.db.DBManager - Zarejestrowano nowego użytkownika: 4
2025-05-12 15:00:53 [AWT-EventQueue-0] DEBUG o.e.g.handlers.RegisterPanelHandler - Rejestracja zakończona sukcesem dla użytkownika: 4
2025-05-12 15:00:56 [AWT-EventQueue-0] DEBUG o.e.gui.handlers.LoginPanelHandler - Przypisywanie handlerów do przycisków logowania użytkownika
2025-05-12 15:00:57 [AWT-EventQueue-0] DEBUG o.e.gui.handlers.LoginPanelHandler - Próba logowania użytkownika: 4
2025-05-12 15:00:57 [AWT-EventQueue-0] DEBUG org.example.db.DBManager - Logowanie użytkownika 4: sukces
2025-05-12 15:00:57 [AWT-EventQueue-0] DEBUG o.e.gui.handlers.LoginPanelHandler - Logowanie udane dla użytkownika: 4
2025-05-12 15:00:57 [AWT-EventQueue-0] DEBUG org.example.db.DBManager - Saldo użytkownika 4: 0.0
2025-05-12 15:01:01 [AWT-EventQueue-0] DEBUG org.example.db.DBManager - Numer konta dla loginu 4: PL5169455275
2025-05-12 15:01:01 [AWT-EventQueue-0] DEBUG org.example.db.DBManager - Wpłata: 1234.0 zł dla użytkownika 4
2025-05-12 15:01:01 [AWT-EventQueue-0] DEBUG o.e.gui.handlers.UserPanelHandler - Wpłata 1234.0 PLN zakończona sukcesem przez użytkownika: 4
2025-05-12 15:01:02 [AWT-EventQueue-0] DEBUG org.example.db.DBManager - Saldo użytkownika 4: 1234.0
2025-05-12 15:01:04 [AWT-EventQueue-0] DEBUG org.example.db.DBManager - Saldo użytkownika 4: 1234.0
2025-05-12 15:01:04 [AWT-EventQueue-0] DEBUG org.example.db.DBManager - Numer konta dla loginu 4: PL5169455275
2025-05-12 15:01:04 [AWT-EventQueue-0] DEBUG org.example.db.DBManager - Wypłata: -1234.0 zł dla użytkownika 4
2025-05-12 15:01:04 [AWT-EventQueue-0] DEBUG o.e.gui.handlers.UserPanelHandler - Wypłata 1234.0 PLN zakończona sukcesem przez użytkownika: 4
2025-05-12 15:01:04 [AWT-EventQueue-0] DEBUG org.example.db.DBManager - Saldo użytkownika 4: 0.0
2025-05-12 15:01:05 [AWT-EventQueue-0] DEBUG org.example.db.DBManager - Pobieranie danych użytkownika: 4
2025-05-12 15:01:05 [AWT-EventQueue-0] DEBUG o.e.gui.handlers.UserPanelHandler - Pobrano dane użytkownika: 4
2025-05-12 15:01:06 [AWT-EventQueue-0] DEBUG org.example.db.DBManager - Numer konta dla loginu 4: PL5169455275
2025-05-12 15:01:06 [AWT-EventQueue-0] DEBUG org.example.db.DBManager - Pobieranie historii transakcji dla konta: PL5169455275
2025-05-12 15:01:07 [AWT-EventQueue-0] DEBUG o.e.gui.handlers.UserPanelHandler - Pobrano historię transakcji dla użytkownika: 4
2025-05-12 15:01:18 [AWT-EventQueue-0] DEBUG o.e.gui.handlers.UserPanelHandler - Użytkownik wylogował się: 4
2025-05-12 15:01:20 [AWT-EventQueue-0] DEBUG o.e.g.handlers.WelcomeScreenHandler - Kliknięto przycisk logowania administratora.
2025-05-12 15:01:20 [AWT-EventQueue-0] DEBUG o.e.g.h.AdminLoginPanelHandler - Przypisywanie akcji do przycisków panelu logowania administratora.
2025-05-12 15:01:21 [AWT-EventQueue-0] DEBUG o.e.g.h.AdminLoginPanelHandler - Próba logowania administratora: 123
2025-05-12 15:01:21 [AWT-EventQueue-0] DEBUG org.example.db.DBManager - Logowanie administratora 123: niepowodzenie
2025-05-12 15:01:21 [AWT-EventQueue-0] DEBUG o.e.g.h.AdminLoginPanelHandler - Nieudane logowanie administratora: 123
2025-05-12 15:01:23 [AWT-EventQueue-0] DEBUG o.e.g.h.AdminLoginPanelHandler - Próba logowania administratora: 123
2025-05-12 15:01:23 [AWT-EventQueue-0] DEBUG org.example.db.DBManager - Logowanie administratora 123: sukces
2025-05-12 15:01:23 [AWT-EventQueue-0] DEBUG o.e.g.h.AdminLoginPanelHandler - Logowanie administratora zakończone sukcesem: 123
2025-05-12 15:01:23 [AWT-EventQueue-0] DEBUG o.e.gui.handlers.AdminPanelHandler - Przypisywanie handlerów do przycisków panelu administratora
2025-05-12 15:01:24 [AWT-EventQueue-0] DEBUG o.e.gui.handlers.AdminPanelHandler - Kliknięto przycisk: Zarejestruj administratora
2025-05-12 15:01:24 [AWT-EventQueue-0] DEBUG o.e.g.h.AdminRegisterPanelHandler - Przypisywanie handlera do przycisku rejestracji administratora
2025-05-12 15:01:26 [AWT-EventQueue-0] DEBUG o.e.g.h.AdminRegisterPanelHandler - Kliknięto przycisk: Zarejestruj administratora
2025-05-12 15:01:26 [AWT-EventQueue-0] DEBUG o.e.g.h.AdminRegisterPanelHandler - Dane rejestracji - Imię: 4, Nazwisko: 4, Email: 4, Login: 4
2025-05-12 15:01:26 [AWT-EventQueue-0] DEBUG org.example.db.DBManager - Zarejestrowano nowego administratora: 4
2025-05-12 15:01:26 [AWT-EventQueue-0] DEBUG o.e.g.h.AdminRegisterPanelHandler - Administrator zarejestrowany pomyślnie
2025-05-12 15:01:28 [AWT-EventQueue-0] DEBUG o.e.gui.handlers.AdminPanelHandler - Kliknięto przycisk: Wyloguj
2025-05-12 15:01:30 [AWT-EventQueue-0] DEBUG o.e.g.handlers.WelcomeScreenHandler - Kliknięto przycisk logowania administratora.
2025-05-12 15:01:30 [AWT-EventQueue-0] DEBUG o.e.g.h.AdminLoginPanelHandler - Przypisywanie akcji do przycisków panelu logowania administratora.
2025-05-12 15:01:31 [AWT-EventQueue-0] DEBUG o.e.g.h.AdminLoginPanelHandler - Próba logowania administratora: 4
2025-05-12 15:01:31 [AWT-EventQueue-0] DEBUG org.example.db.DBManager - Logowanie administratora 4: sukces
2025-05-12 15:01:31 [AWT-EventQueue-0] DEBUG o.e.g.h.AdminLoginPanelHandler - Logowanie administratora zakończone sukcesem: 4
2025-05-12 15:01:31 [AWT-EventQueue-0] DEBUG o.e.gui.handlers.AdminPanelHandler - Przypisywanie handlerów do przycisków panelu administratora
2025-05-12 15:01:32 [AWT-EventQueue-0] DEBUG o.e.gui.handlers.AdminPanelHandler - Kliknięto przycisk: Wyświetl użytkowników
2025-05-12 15:01:32 [AWT-EventQueue-0] DEBUG org.example.db.DBManager - Pobieranie listy wszystkich użytkowników
2025-05-12 15:01:33 [AWT-EventQueue-0] DEBUG o.e.gui.handlers.AdminPanelHandler - Pomyślnie załadowano i wyświetlono dane użytkowników
2025-05-12 15:01:34 [AWT-EventQueue-0] DEBUG o.e.gui.handlers.AdminPanelHandler - Kliknięto przycisk: Wyloguj
2025-05-12 15:01:36 [AWT-EventQueue-0] DEBUG o.e.g.handlers.WelcomeScreenHandler - Kliknięto przycisk wyjścia.
2025-05-12 15:01:37 [AWT-EventQueue-0] DEBUG o.e.g.handlers.WelcomeScreenHandler - Użytkownik potwierdził zamknięcie programu.
2025-05-12 15:04:03 [AWT-EventQueue-0] DEBUG o.e.g.handlers.WelcomeScreenHandler - Kliknięto przycisk logowania.
2025-05-12 15:04:03 [AWT-EventQueue-0] DEBUG o.e.gui.handlers.LoginPanelHandler - Przypisywanie handlerów do przycisków logowania użytkownika
2025-05-12 15:04:05 [AWT-EventQueue-0] DEBUG o.e.gui.handlers.LoginPanelHandler - Próba logowania użytkownika: 1234
2025-05-12 15:04:05 [AWT-EventQueue-0] DEBUG org.example.db.DBManager - Baza danych i tabele zainicjalizowane.
2025-05-12 15:04:05 [AWT-EventQueue-0] DEBUG org.example.db.DBManager - Logowanie użytkownika 1234: sukces
2025-05-12 15:04:05 [AWT-EventQueue-0] DEBUG o.e.gui.handlers.LoginPanelHandler - Logowanie udane dla użytkownika: 1234
2025-05-12 15:04:05 [AWT-EventQueue-0] DEBUG org.example.db.DBManager - Saldo użytkownika 1234: 5.0
2025-05-12 15:04:06 [AWT-EventQueue-0] DEBUG org.example.db.DBManager - Pobieranie danych użytkownika: 1234
2025-05-12 15:04:18 [AWT-EventQueue-0] DEBUG o.e.gui.handlers.UserPanelHandler - Pobrano dane użytkownika: 1234
2025-05-12 15:05:11 [AWT-EventQueue-0] DEBUG o.e.g.handlers.WelcomeScreenHandler - Kliknięto przycisk logowania.
2025-05-12 15:05:11 [AWT-EventQueue-0] DEBUG o.e.gui.handlers.LoginPanelHandler - Przypisywanie handlerów do przycisków logowania użytkownika
2025-05-12 15:05:12 [AWT-EventQueue-0] DEBUG o.e.gui.handlers.LoginPanelHandler - Próba logowania użytkownika: 1234
2025-05-12 15:05:12 [AWT-EventQueue-0] DEBUG org.example.db.DBManager - Baza danych i tabele zainicjalizowane.
2025-05-12 15:05:13 [AWT-EventQueue-0] DEBUG org.example.db.DBManager - Logowanie użytkownika 1234: sukces
2025-05-12 15:05:13 [AWT-EventQueue-0] DEBUG o.e.gui.handlers.LoginPanelHandler - Logowanie udane dla użytkownika: 1234
2025-05-12 15:05:13 [AWT-EventQueue-0] DEBUG org.example.db.DBManager - Saldo użytkownika 1234: 5.0
2025-05-12 15:05:13 [AWT-EventQueue-0] DEBUG org.example.db.DBManager - Pobieranie danych użytkownika: 1234
2025-05-12 15:05:23 [AWT-EventQueue-0] DEBUG o.e.gui.handlers.UserPanelHandler - Pobrano dane użytkownika: 1234
2025-05-12 15:05:24 [AWT-EventQueue-0] DEBUG o.e.gui.handlers.UserPanelHandler - Użytkownik wylogował się: 1234
2025-05-12 15:05:26 [AWT-EventQueue-0] DEBUG o.e.g.handlers.WelcomeScreenHandler - Kliknięto przycisk logowania.
2025-05-12 15:05:27 [AWT-EventQueue-0] DEBUG o.e.gui.handlers.LoginPanelHandler - Przypisywanie handlerów do przycisków logowania użytkownika
2025-05-12 15:05:27 [AWT-EventQueue-0] DEBUG o.e.gui.handlers.LoginPanelHandler - Kliknięto przycisk powrotu w panelu logowania
2025-05-12 15:05:28 [AWT-EventQueue-0] DEBUG o.e.g.handlers.WelcomeScreenHandler - Kliknięto przycisk logowania.
2025-05-12 15:05:28 [AWT-EventQueue-0] DEBUG o.e.gui.handlers.LoginPanelHandler - Przypisywanie handlerów do przycisków logowania użytkownika
2025-05-12 15:05:30 [AWT-EventQueue-0] DEBUG o.e.gui.handlers.LoginPanelHandler - Próba logowania użytkownika: 4
2025-05-12 15:05:30 [AWT-EventQueue-0] DEBUG org.example.db.DBManager - Logowanie użytkownika 4: sukces
2025-05-12 15:05:30 [AWT-EventQueue-0] DEBUG o.e.gui.handlers.LoginPanelHandler - Logowanie udane dla użytkownika: 4
2025-05-12 15:05:30 [AWT-EventQueue-0] DEBUG org.example.db.DBManager - Saldo użytkownika 4: 0.0
2025-05-12 15:05:32 [AWT-EventQueue-0] DEBUG org.example.db.DBManager - Numer konta dla loginu 4: PL5169455275
2025-05-12 15:05:32 [AWT-EventQueue-0] DEBUG org.example.db.DBManager - Wpłata: 100.0 zł dla użytkownika 4
2025-05-12 15:05:32 [AWT-EventQueue-0] DEBUG o.e.gui.handlers.UserPanelHandler - Wpłata 100.0 PLN zakończona sukcesem przez użytkownika: 4
2025-05-12 15:05:33 [AWT-EventQueue-0] DEBUG org.example.db.DBManager - Saldo użytkownika 4: 100.0
2025-05-12 15:05:44 [AWT-EventQueue-0] DEBUG org.example.db.DBManager - Przelew z PL5169455275 do PL8384624957 na kwotę -100.0 PLN - temat: Tytuł
2025-05-12 15:05:44 [AWT-EventQueue-0] DEBUG o.e.gui.handlers.UserPanelHandler - Przelew -100.0 PLN do PL8384624957 zakończony sukcesem. Użytkownik: 4
2025-05-12 15:05:45 [AWT-EventQueue-0] DEBUG org.example.db.DBManager - Saldo użytkownika 4: 200.0
2025-05-12 15:05:50 [AWT-EventQueue-0] DEBUG o.e.gui.handlers.UserPanelHandler - Użytkownik wylogował się: 4
2025-05-12 15:05:52 [AWT-EventQueue-0] DEBUG o.e.g.handlers.WelcomeScreenHandler - Kliknięto przycisk logowania.
2025-05-12 15:05:52 [AWT-EventQueue-0] DEBUG o.e.gui.handlers.LoginPanelHandler - Przypisywanie handlerów do przycisków logowania użytkownika
2025-05-12 15:05:56 [AWT-EventQueue-0] DEBUG o.e.gui.handlers.LoginPanelHandler - Próba logowania użytkownika: 1234
2025-05-12 15:05:56 [AWT-EventQueue-0] DEBUG org.example.db.DBManager - Logowanie użytkownika 1234: sukces
2025-05-12 15:05:56 [AWT-EventQueue-0] DEBUG o.e.gui.handlers.LoginPanelHandler - Logowanie udane dla użytkownika: 1234
2025-05-12 15:05:56 [AWT-EventQueue-0] DEBUG org.example.db.DBManager - Saldo użytkownika 1234: -95.0
2025-05-12 15:07:03 [AWT-EventQueue-0] DEBUG o.e.g.handlers.WelcomeScreenHandler - Kliknięto przycisk logowania.
2025-05-12 15:07:03 [AWT-EventQueue-0] DEBUG o.e.gui.handlers.LoginPanelHandler - Przypisywanie handlerów do przycisków logowania użytkownika
2025-05-12 15:07:07 [AWT-EventQueue-0] DEBUG o.e.gui.handlers.LoginPanelHandler - Próba logowania użytkownika: 1234
2025-05-12 15:07:07 [AWT-EventQueue-0] DEBUG org.example.db.DBManager - Baza danych i tabele zainicjalizowane.
2025-05-12 15:07:07 [AWT-EventQueue-0] DEBUG org.example.db.DBManager - Logowanie użytkownika 1234: sukces
2025-05-12 15:07:07 [AWT-EventQueue-0] DEBUG o.e.gui.handlers.LoginPanelHandler - Logowanie udane dla użytkownika: 1234
2025-05-12 15:07:07 [AWT-EventQueue-0] DEBUG org.example.db.DBManager - Saldo użytkownika 1234: -95.0
2025-05-12 15:07:10 [AWT-EventQueue-0] DEBUG org.example.db.DBManager - Numer konta dla loginu 1234: PL8384624957
2025-05-12 15:07:10 [AWT-EventQueue-0] DEBUG org.example.db.DBManager - Wpłata: 200.0 zł dla użytkownika 1234
2025-05-12 15:07:10 [AWT-EventQueue-0] DEBUG o.e.gui.handlers.UserPanelHandler - Wpłata 200.0 PLN zakończona sukcesem przez użytkownika: 1234
2025-05-12 15:07:11 [AWT-EventQueue-0] DEBUG org.example.db.DBManager - Saldo użytkownika 1234: 105.0
2025-05-12 15:07:13 [AWT-EventQueue-0] DEBUG org.example.db.DBManager - Saldo użytkownika 1234: 105.0
2025-05-12 15:07:13 [AWT-EventQueue-0] DEBUG org.example.db.DBManager - Numer konta dla loginu 1234: PL8384624957
2025-05-12 15:07:13 [AWT-EventQueue-0] DEBUG org.example.db.DBManager - Wypłata: -5.0 zł dla użytkownika 1234
2025-05-12 15:07:13 [AWT-EventQueue-0] DEBUG o.e.gui.handlers.UserPanelHandler - Wypłata 5.0 PLN zakończona sukcesem przez użytkownika: 1234
2025-05-12 15:07:13 [AWT-EventQueue-0] DEBUG org.example.db.DBManager - Saldo użytkownika 1234: 100.0
2025-05-12 15:07:15 [AWT-EventQueue-0] DEBUG org.example.db.DBManager - Numer konta dla loginu 1234: PL8384624957
2025-05-12 15:07:15 [AWT-EventQueue-0] DEBUG org.example.db.DBManager - Pobieranie historii transakcji dla konta: PL8384624957
2025-05-12 15:07:15 [AWT-EventQueue-0] WARN  o.e.gui.handlers.UserPanelHandler - Pominięto transakcję z ujemną kwotą: -100.0 PLN
2025-05-12 15:07:29 [AWT-EventQueue-0] DEBUG o.e.gui.handlers.UserPanelHandler - Pobrano historię transakcji dla użytkownika: 1234
2025-05-12 15:07:33 [AWT-EventQueue-0] DEBUG org.example.db.DBManager - Pobieranie danych użytkownika: 1234
2025-05-12 15:07:36 [AWT-EventQueue-0] DEBUG o.e.gui.handlers.UserPanelHandler - Pobrano dane użytkownika: 1234
2025-05-12 15:07:36 [AWT-EventQueue-0] DEBUG o.e.gui.handlers.UserPanelHandler - Użytkownik wylogował się: 1234
2025-05-12 15:07:38 [AWT-EventQueue-0] DEBUG o.e.g.handlers.WelcomeScreenHandler - Kliknięto przycisk logowania.
2025-05-12 15:07:38 [AWT-EventQueue-0] DEBUG o.e.gui.handlers.LoginPanelHandler - Przypisywanie handlerów do przycisków logowania użytkownika
2025-05-12 15:07:39 [AWT-EventQueue-0] DEBUG o.e.gui.handlers.LoginPanelHandler - Próba logowania użytkownika: 4
2025-05-12 15:07:39 [AWT-EventQueue-0] DEBUG org.example.db.DBManager - Logowanie użytkownika 4: sukces
2025-05-12 15:07:39 [AWT-EventQueue-0] DEBUG o.e.gui.handlers.LoginPanelHandler - Logowanie udane dla użytkownika: 4
2025-05-12 15:07:39 [AWT-EventQueue-0] DEBUG org.example.db.DBManager - Saldo użytkownika 4: 200.0
2025-05-12 15:07:49 [AWT-EventQueue-0] DEBUG org.example.db.DBManager - Przelew z PL5169455275 do PL8384624957 na kwotę 200.0 PLN - temat: Tytuł
2025-05-12 15:07:49 [AWT-EventQueue-0] DEBUG o.e.gui.handlers.UserPanelHandler - Przelew 200.0 PLN do PL8384624957 zakończony sukcesem. Użytkownik: 4
2025-05-12 15:07:50 [AWT-EventQueue-0] DEBUG org.example.db.DBManager - Saldo użytkownika 4: 0.0
2025-05-12 15:07:51 [AWT-EventQueue-0] DEBUG org.example.db.DBManager - Pobieranie danych użytkownika: 4
2025-05-12 15:07:53 [AWT-EventQueue-0] DEBUG o.e.gui.handlers.UserPanelHandler - Pobrano dane użytkownika: 4
2025-05-12 15:07:53 [AWT-EventQueue-0] DEBUG org.example.db.DBManager - Numer konta dla loginu 4: PL5169455275
2025-05-12 15:07:53 [AWT-EventQueue-0] DEBUG org.example.db.DBManager - Pobieranie historii transakcji dla konta: PL5169455275
2025-05-12 15:07:53 [AWT-EventQueue-0] WARN  o.e.gui.handlers.UserPanelHandler - Pominięto transakcję z ujemną kwotą: -100.0 PLN
2025-05-12 15:07:56 [AWT-EventQueue-0] DEBUG o.e.gui.handlers.UserPanelHandler - Pobrano historię transakcji dla użytkownika: 4
2025-05-12 15:07:57 [AWT-EventQueue-0] DEBUG o.e.gui.handlers.UserPanelHandler - Użytkownik wylogował się: 4
2025-05-12 15:07:58 [AWT-EventQueue-0] DEBUG o.e.g.handlers.WelcomeScreenHandler - Kliknięto przycisk logowania.
2025-05-12 15:07:58 [AWT-EventQueue-0] DEBUG o.e.gui.handlers.LoginPanelHandler - Przypisywanie handlerów do przycisków logowania użytkownika
2025-05-12 15:07:59 [AWT-EventQueue-0] DEBUG o.e.gui.handlers.LoginPanelHandler - Próba logowania użytkownika: 1234
2025-05-12 15:07:59 [AWT-EventQueue-0] DEBUG org.example.db.DBManager - Logowanie użytkownika 1234: sukces
2025-05-12 15:07:59 [AWT-EventQueue-0] DEBUG o.e.gui.handlers.LoginPanelHandler - Logowanie udane dla użytkownika: 1234
2025-05-12 15:07:59 [AWT-EventQueue-0] DEBUG org.example.db.DBManager - Saldo użytkownika 1234: 300.0
2025-05-12 15:08:00 [AWT-EventQueue-0] DEBUG org.example.db.DBManager - Pobieranie danych użytkownika: 1234
2025-05-12 15:08:01 [AWT-EventQueue-0] DEBUG o.e.gui.handlers.UserPanelHandler - Pobrano dane użytkownika: 1234
2025-05-12 15:08:01 [AWT-EventQueue-0] DEBUG org.example.db.DBManager - Numer konta dla loginu 1234: PL8384624957
2025-05-12 15:08:01 [AWT-EventQueue-0] DEBUG org.example.db.DBManager - Pobieranie historii transakcji dla konta: PL8384624957
2025-05-12 15:08:01 [AWT-EventQueue-0] WARN  o.e.gui.handlers.UserPanelHandler - Pominięto transakcję z ujemną kwotą: -100.0 PLN
2025-05-12 15:08:04 [AWT-EventQueue-0] DEBUG o.e.gui.handlers.UserPanelHandler - Pobrano historię transakcji dla użytkownika: 1234
2025-05-12 15:08:06 [AWT-EventQueue-0] DEBUG o.e.gui.handlers.UserPanelHandler - Użytkownik wylogował się: 1234
2025-05-12 15:08:08 [AWT-EventQueue-0] DEBUG o.e.g.handlers.WelcomeScreenHandler - Kliknięto przycisk logowania.
2025-05-12 15:08:08 [AWT-EventQueue-0] DEBUG o.e.gui.handlers.LoginPanelHandler - Przypisywanie handlerów do przycisków logowania użytkownika
2025-05-12 15:08:09 [AWT-EventQueue-0] DEBUG o.e.gui.handlers.LoginPanelHandler - Próba logowania użytkownika: 4
2025-05-12 15:08:09 [AWT-EventQueue-0] DEBUG org.example.db.DBManager - Logowanie użytkownika 4: sukces
2025-05-12 15:08:09 [AWT-EventQueue-0] DEBUG o.e.gui.handlers.LoginPanelHandler - Logowanie udane dla użytkownika: 4
2025-05-12 15:08:09 [AWT-EventQueue-0] DEBUG org.example.db.DBManager - Saldo użytkownika 4: 0.0
2025-05-12 15:08:09 [AWT-EventQueue-0] DEBUG org.example.db.DBManager - Pobieranie danych użytkownika: 4
2025-05-12 15:08:11 [AWT-EventQueue-0] DEBUG o.e.gui.handlers.UserPanelHandler - Pobrano dane użytkownika: 4
2025-05-12 15:08:19 [AWT-EventQueue-0] DEBUG org.example.db.DBManager - Przelew z PL5169455275 do PL8384624957 na kwotę -4.0 PLN - temat: 4
2025-05-12 15:08:19 [AWT-EventQueue-0] DEBUG o.e.gui.handlers.UserPanelHandler - Przelew -4.0 PLN do PL8384624957 zakończony sukcesem. Użytkownik: 4
2025-05-12 15:08:20 [AWT-EventQueue-0] DEBUG org.example.db.DBManager - Saldo użytkownika 4: 4.0
2025-05-12 15:08:29 [AWT-EventQueue-0] DEBUG org.example.db.DBManager - Przelew z PL5169455275 do PL8384624957 na kwotę -23.0 PLN - temat: 
2025-05-12 15:08:29 [AWT-EventQueue-0] DEBUG o.e.gui.handlers.UserPanelHandler - Przelew -23.0 PLN do PL8384624957 zakończony sukcesem. Użytkownik: 4
2025-05-12 15:08:29 [AWT-EventQueue-0] DEBUG org.example.db.DBManager - Saldo użytkownika 4: 27.0
2025-05-12 15:08:30 [AWT-EventQueue-0] DEBUG o.e.gui.handlers.UserPanelHandler - Użytkownik wylogował się: 4
2025-05-12 15:09:50 [AWT-EventQueue-0] DEBUG o.e.g.handlers.WelcomeScreenHandler - Kliknięto przycisk logowania.
2025-05-12 15:09:50 [AWT-EventQueue-0] DEBUG o.e.gui.handlers.LoginPanelHandler - Przypisywanie handlerów do przycisków logowania użytkownika
2025-05-12 15:09:51 [AWT-EventQueue-0] DEBUG o.e.gui.handlers.LoginPanelHandler - Próba logowania użytkownika: 1234
2025-05-12 15:09:51 [AWT-EventQueue-0] DEBUG org.example.db.DBManager - Baza danych i tabele zainicjalizowane.
2025-05-12 15:09:51 [AWT-EventQueue-0] DEBUG org.example.db.DBManager - Logowanie użytkownika 1234: sukces
2025-05-12 15:09:51 [AWT-EventQueue-0] DEBUG o.e.gui.handlers.LoginPanelHandler - Logowanie udane dla użytkownika: 1234
2025-05-12 15:09:51 [AWT-EventQueue-0] DEBUG org.example.db.DBManager - Saldo użytkownika 1234: 273.0
2025-05-12 15:09:52 [AWT-EventQueue-0] DEBUG org.example.db.DBManager - Pobieranie danych użytkownika: 1234
2025-05-12 15:09:53 [AWT-EventQueue-0] DEBUG o.e.gui.handlers.UserPanelHandler - Pobrano dane użytkownika: 1234
2025-05-12 15:09:54 [AWT-EventQueue-0] DEBUG org.example.db.DBManager - Numer konta dla loginu 1234: PL8384624957
2025-05-12 15:09:54 [AWT-EventQueue-0] DEBUG org.example.db.DBManager - Pobieranie historii transakcji dla konta: PL8384624957
2025-05-12 15:09:57 [AWT-EventQueue-0] DEBUG o.e.gui.handlers.UserPanelHandler - Pobrano historię transakcji dla użytkownika: 1234
2025-05-12 15:10:02 [AWT-EventQueue-0] DEBUG org.example.db.DBManager - Pobieranie danych użytkownika: 1234
2025-05-12 15:10:04 [AWT-EventQueue-0] DEBUG o.e.gui.handlers.UserPanelHandler - Pobrano dane użytkownika: 1234
2025-05-12 15:10:04 [AWT-EventQueue-0] DEBUG o.e.gui.handlers.UserPanelHandler - Użytkownik wylogował się: 1234
2025-05-12 15:10:06 [AWT-EventQueue-0] DEBUG o.e.g.handlers.WelcomeScreenHandler - Kliknięto przycisk logowania administratora.
2025-05-12 15:10:06 [AWT-EventQueue-0] DEBUG o.e.g.h.AdminLoginPanelHandler - Przypisywanie akcji do przycisków panelu logowania administratora.
2025-05-12 15:10:06 [AWT-EventQueue-0] DEBUG o.e.g.h.AdminLoginPanelHandler - Powrót do ekranu powitalnego z panelu logowania administratora.
2025-05-12 15:10:07 [AWT-EventQueue-0] DEBUG o.e.g.handlers.WelcomeScreenHandler - Kliknięto przycisk logowania.
2025-05-12 15:10:07 [AWT-EventQueue-0] DEBUG o.e.gui.handlers.LoginPanelHandler - Przypisywanie handlerów do przycisków logowania użytkownika
2025-05-12 15:10:08 [AWT-EventQueue-0] DEBUG o.e.gui.handlers.LoginPanelHandler - Próba logowania użytkownika: 4
2025-05-12 15:10:08 [AWT-EventQueue-0] DEBUG org.example.db.DBManager - Logowanie użytkownika 4: sukces
2025-05-12 15:10:08 [AWT-EventQueue-0] DEBUG o.e.gui.handlers.LoginPanelHandler - Logowanie udane dla użytkownika: 4
2025-05-12 15:10:08 [AWT-EventQueue-0] DEBUG org.example.db.DBManager - Saldo użytkownika 4: 27.0
2025-05-12 15:10:14 [AWT-EventQueue-0] WARN  o.e.gui.handlers.UserPanelHandler - Próba wykonania przelewu z nieprawidłową kwotą: -8.0 PLN
2025-05-12 15:10:21 [AWT-EventQueue-0] DEBUG org.example.db.DBManager - Transfer nieudany - brak środków lub nieprawidłowy login: 4
2025-05-12 15:10:21 [AWT-EventQueue-0] ERROR o.e.gui.handlers.UserPanelHandler - Błąd przelewu. Nadawca: 4, Odbiorca: PL8384624957, Kwota: 10000.0
2025-05-12 15:10:27 [AWT-EventQueue-0] DEBUG org.example.db.DBManager - Przelew z PL5169455275 do PL8384624957 na kwotę 22.0 PLN - temat: t
2025-05-12 15:10:27 [AWT-EventQueue-0] DEBUG o.e.gui.handlers.UserPanelHandler - Przelew 22.0 PLN do PL8384624957 zakończony sukcesem. Użytkownik: 4
2025-05-12 15:10:28 [AWT-EventQueue-0] DEBUG org.example.db.DBManager - Saldo użytkownika 4: 5.0
2025-05-12 15:10:29 [AWT-EventQueue-0] DEBUG o.e.gui.handlers.UserPanelHandler - Użytkownik wylogował się: 4
2025-05-12 15:10:30 [AWT-EventQueue-0] DEBUG o.e.g.handlers.WelcomeScreenHandler - Kliknięto przycisk logowania.
2025-05-12 15:10:30 [AWT-EventQueue-0] DEBUG o.e.gui.handlers.LoginPanelHandler - Przypisywanie handlerów do przycisków logowania użytkownika
2025-05-12 15:10:31 [AWT-EventQueue-0] DEBUG o.e.gui.handlers.LoginPanelHandler - Próba logowania użytkownika: 1234
2025-05-12 15:10:31 [AWT-EventQueue-0] DEBUG org.example.db.DBManager - Logowanie użytkownika 1234: sukces
2025-05-12 15:10:31 [AWT-EventQueue-0] DEBUG o.e.gui.handlers.LoginPanelHandler - Logowanie udane dla użytkownika: 1234
2025-05-12 15:10:31 [AWT-EventQueue-0] DEBUG org.example.db.DBManager - Saldo użytkownika 1234: 295.0
2025-05-12 15:10:40 [AWT-EventQueue-0] DEBUG org.example.db.DBManager - Przelew z PL8384624957 do PL8384624957 na kwotę 295.0 PLN - temat: T
2025-05-12 15:10:40 [AWT-EventQueue-0] DEBUG o.e.gui.handlers.UserPanelHandler - Przelew 295.0 PLN do PL8384624957 zakończony sukcesem. Użytkownik: 1234
2025-05-12 15:10:41 [AWT-EventQueue-0] DEBUG org.example.db.DBManager - Saldo użytkownika 1234: 295.0
2025-05-12 15:10:42 [AWT-EventQueue-0] DEBUG org.example.db.DBManager - Numer konta dla loginu 1234: PL8384624957
2025-05-12 15:10:42 [AWT-EventQueue-0] DEBUG org.example.db.DBManager - Pobieranie historii transakcji dla konta: PL8384624957
2025-05-12 15:10:46 [AWT-EventQueue-0] DEBUG o.e.gui.handlers.UserPanelHandler - Pobrano historię transakcji dla użytkownika: 1234
2025-05-12 15:10:51 [AWT-EventQueue-0] DEBUG o.e.gui.handlers.UserPanelHandler - Użytkownik wylogował się: 1234
2025-05-12 15:10:52 [AWT-EventQueue-0] DEBUG o.e.g.handlers.WelcomeScreenHandler - Kliknięto przycisk wyjścia.
2025-05-12 15:10:53 [AWT-EventQueue-0] DEBUG o.e.g.handlers.WelcomeScreenHandler - Użytkownik potwierdził zamknięcie programu.
2025-05-22 19:36:13 [AWT-EventQueue-0] ERROR o.e.gui.handlers.LoginPanelHandler - Nieudana próba logowania dla użytkownika: 
2025-05-22 19:51:16 [AWT-EventQueue-0] ERROR o.e.gui.handlers.LoginPanelHandler - Nieudana próba logowania dla użytkownika: KacBuj17
2025-05-22 19:51:19 [AWT-EventQueue-0] ERROR o.e.gui.handlers.LoginPanelHandler - Nieudana próba logowania dla użytkownika: KacBuj17
2025-05-22 19:52:31 [AWT-EventQueue-0] ERROR o.e.gui.handlers.LoginPanelHandler - Nieudana próba logowania dla użytkownika: 123
2025-05-22 19:55:03 [AWT-EventQueue-0] ERROR o.e.gui.handlers.LoginPanelHandler - Nieudana próba logowania dla użytkownika: KacBuj17
2025-05-22 19:55:05 [AWT-EventQueue-0] ERROR o.e.gui.handlers.LoginPanelHandler - Nieudana próba logowania dla użytkownika: KacBuj17
2025-05-22 19:55:07 [AWT-EventQueue-0] ERROR o.e.gui.handlers.LoginPanelHandler - Nieudana próba logowania dla użytkownika: KacBuj17
2025-05-22 19:55:46 [AWT-EventQueue-0] ERROR o.e.gui.handlers.UserPanelHandler - Błąd przelewu. Nadawca: 123, Odbiorca: PL6735173336, Kwota: 123.0
2025-05-22 19:55:53 [AWT-EventQueue-0] ERROR o.e.gui.handlers.UserPanelHandler - Błąd przelewu. Nadawca: 123, Odbiorca: PL6735173336, Kwota: 123.0
2025-05-22 19:56:02 [AWT-EventQueue-0] ERROR o.e.gui.handlers.UserPanelHandler - Nieprawidłowy format liczby podczas przelewu: 
java.lang.NumberFormatException: empty String
	at java.base/jdk.internal.math.FloatingDecimal.readJavaFormatString(FloatingDecimal.java:1842)
	at java.base/jdk.internal.math.FloatingDecimal.parseDouble(FloatingDecimal.java:110)
	at java.base/java.lang.Double.parseDouble(Double.java:971)
	at org.example.gui.handlers.UserPanelHandler.handleTransfer(UserPanelHandler.java:85)
	at org.example.gui.handlers.UserPanelHandler.lambda$attachHandlers$2(UserPanelHandler.java:22)
	at java.desktop/javax.swing.AbstractButton.fireActionPerformed(AbstractButton.java:1972)
	at java.desktop/javax.swing.AbstractButton$Handler.actionPerformed(AbstractButton.java:2314)
	at java.desktop/javax.swing.DefaultButtonModel.fireActionPerformed(DefaultButtonModel.java:407)
	at java.desktop/javax.swing.DefaultButtonModel.setPressed(DefaultButtonModel.java:262)
	at java.desktop/javax.swing.plaf.basic.BasicButtonListener.mouseReleased(BasicButtonListener.java:279)
	at java.desktop/java.awt.Component.processMouseEvent(Component.java:6576)
	at java.desktop/javax.swing.JComponent.processMouseEvent(JComponent.java:3404)
	at java.desktop/java.awt.Component.processEvent(Component.java:6341)
	at java.desktop/java.awt.Container.processEvent(Container.java:2260)
	at java.desktop/java.awt.Component.dispatchEventImpl(Component.java:4958)
	at java.desktop/java.awt.Container.dispatchEventImpl(Container.java:2318)
	at java.desktop/java.awt.Component.dispatchEvent(Component.java:4790)
	at java.desktop/java.awt.LightweightDispatcher.retargetMouseEvent(Container.java:4916)
	at java.desktop/java.awt.LightweightDispatcher.processMouseEvent(Container.java:4559)
	at java.desktop/java.awt.LightweightDispatcher.dispatchEvent(Container.java:4500)
	at java.desktop/java.awt.Container.dispatchEventImpl(Container.java:2304)
	at java.desktop/java.awt.Window.dispatchEventImpl(Window.java:2671)
	at java.desktop/java.awt.Component.dispatchEvent(Component.java:4790)
	at java.desktop/java.awt.EventQueue.dispatchEventImpl(EventQueue.java:725)
	at java.desktop/java.awt.EventQueue.dispatchEvent(EventQueue.java:702)
	at java.desktop/java.awt.EventDispatchThread.pumpOneEventForFilters(EventDispatchThread.java:203)
	at java.desktop/java.awt.EventDispatchThread.pumpEventsForFilter(EventDispatchThread.java:124)
	at java.desktop/java.awt.EventDispatchThread.pumpEventsForHierarchy(EventDispatchThread.java:113)
	at java.desktop/java.awt.EventDispatchThread.pumpEvents(EventDispatchThread.java:109)
	at java.desktop/java.awt.EventDispatchThread.pumpEvents(EventDispatchThread.java:101)
	at java.desktop/java.awt.EventDispatchThread.run(EventDispatchThread.java:90)
2025-05-22 19:56:08 [AWT-EventQueue-0] ERROR o.e.gui.handlers.UserPanelHandler - Błąd przelewu. Nadawca: 123, Odbiorca: PL6735173336, Kwota: 50.0
2025-05-22 19:56:44 [AWT-EventQueue-0] ERROR o.e.gui.handlers.UserPanelHandler - Błąd przelewu. Nadawca: 123, Odbiorca: PL6735173336, Kwota: 123.0
2025-05-22 19:56:51 [AWT-EventQueue-0] ERROR o.e.gui.handlers.UserPanelHandler - Nieprawidłowy format liczby podczas przelewu: 123,0
java.lang.NumberFormatException: For input string: "123,0"
	at java.base/jdk.internal.math.FloatingDecimal.readJavaFormatString(FloatingDecimal.java:2054)
	at java.base/jdk.internal.math.FloatingDecimal.parseDouble(FloatingDecimal.java:110)
	at java.base/java.lang.Double.parseDouble(Double.java:971)
	at org.example.gui.handlers.UserPanelHandler.handleTransfer(UserPanelHandler.java:85)
	at org.example.gui.handlers.UserPanelHandler.lambda$attachHandlers$2(UserPanelHandler.java:22)
	at java.desktop/javax.swing.AbstractButton.fireActionPerformed(AbstractButton.java:1972)
	at java.desktop/javax.swing.AbstractButton$Handler.actionPerformed(AbstractButton.java:2314)
	at java.desktop/javax.swing.DefaultButtonModel.fireActionPerformed(DefaultButtonModel.java:407)
	at java.desktop/javax.swing.DefaultButtonModel.setPressed(DefaultButtonModel.java:262)
	at java.desktop/javax.swing.plaf.basic.BasicButtonListener.mouseReleased(BasicButtonListener.java:279)
	at java.desktop/java.awt.Component.processMouseEvent(Component.java:6576)
	at java.desktop/javax.swing.JComponent.processMouseEvent(JComponent.java:3404)
	at java.desktop/java.awt.Component.processEvent(Component.java:6341)
	at java.desktop/java.awt.Container.processEvent(Container.java:2260)
	at java.desktop/java.awt.Component.dispatchEventImpl(Component.java:4958)
	at java.desktop/java.awt.Container.dispatchEventImpl(Container.java:2318)
	at java.desktop/java.awt.Component.dispatchEvent(Component.java:4790)
	at java.desktop/java.awt.LightweightDispatcher.retargetMouseEvent(Container.java:4916)
	at java.desktop/java.awt.LightweightDispatcher.processMouseEvent(Container.java:4559)
	at java.desktop/java.awt.LightweightDispatcher.dispatchEvent(Container.java:4500)
	at java.desktop/java.awt.Container.dispatchEventImpl(Container.java:2304)
	at java.desktop/java.awt.Window.dispatchEventImpl(Window.java:2671)
	at java.desktop/java.awt.Component.dispatchEvent(Component.java:4790)
	at java.desktop/java.awt.EventQueue.dispatchEventImpl(EventQueue.java:725)
	at java.desktop/java.awt.EventQueue.dispatchEvent(EventQueue.java:702)
	at java.desktop/java.awt.EventDispatchThread.pumpOneEventForFilters(EventDispatchThread.java:203)
	at java.desktop/java.awt.EventDispatchThread.pumpEventsForFilter(EventDispatchThread.java:124)
	at java.desktop/java.awt.EventDispatchThread.pumpEventsForHierarchy(EventDispatchThread.java:113)
	at java.desktop/java.awt.EventDispatchThread.pumpEvents(EventDispatchThread.java:109)
	at java.desktop/java.awt.EventDispatchThread.pumpEvents(EventDispatchThread.java:101)
	at java.desktop/java.awt.EventDispatchThread.run(EventDispatchThread.java:90)
2025-05-22 19:56:57 [AWT-EventQueue-0] ERROR o.e.gui.handlers.UserPanelHandler - Błąd przelewu. Nadawca: 123, Odbiorca: PL6735173336, Kwota: 123.0
2025-05-22 19:57:27 [AWT-EventQueue-0] ERROR o.e.gui.handlers.UserPanelHandler - Błąd przelewu. Nadawca: 123, Odbiorca: PL6735173336, Kwota: 123.0
2025-05-22 19:58:44 [AWT-EventQueue-0] ERROR o.e.gui.handlers.UserPanelHandler - Błąd przelewu. Nadawca: 123, Odbiorca: PL6735173336, Kwota: 123.0
2025-05-22 19:58:55 [AWT-EventQueue-0] ERROR o.e.gui.handlers.UserPanelHandler - Błąd przelewu. Nadawca: 123, Odbiorca: PL6735173336, Kwota: 123.0
2025-05-22 19:59:02 [AWT-EventQueue-0] ERROR o.e.gui.handlers.UserPanelHandler - Błąd przelewu. Nadawca: 123, Odbiorca: PL6735173336, Kwota: 123.0
2025-05-22 20:13:01 [AWT-EventQueue-0] ERROR o.e.gui.handlers.UserPanelHandler - Błąd przelewu. Nadawca: 123, Odbiorca: 123, Kwota: 123.0
2025-05-22 20:17:43 [AWT-EventQueue-0] INFO  org.example.db.DBManager - pmWkWSBCL51Bfkhn79xPuKBKHz//H6B+mY6G9/eieuM=
2025-05-22 20:18:10 [AWT-EventQueue-0] INFO  org.example.db.DBManager - pmWkWSBCL51Bfkhn79xPuKBKHz//H6B+mY6G9/eieuM=
2025-05-22 20:18:44 [AWT-EventQueue-0] INFO  org.example.db.DBManager - WZRHGrsBESr8wYFZ9sx0tPURuZgG2lmzyvWpwXPKz8U=
2025-05-22 20:20:32 [AWT-EventQueue-0] ERROR o.e.gui.handlers.UserPanelHandler - Błąd przelewu. Nadawca: 123, Odbiorca: 123, Kwota: 123.0
